2024-03-17T09:54:50.804+03:30  INFO 7092 --- [anformatic] [main] a.anformatic.AnformaticApplication       : Starting AnformaticApplication using Java 17.0.4 with PID 7092 (C:\Users\ASUS\Downloads\anformatic\anformatic\target\classes started by ASUS in C:\Users\ASUS\Downloads\anformatic\anformatic)
2024-03-17T09:54:50.809+03:30  INFO 7092 --- [anformatic] [main] a.anformatic.AnformaticApplication       : No active profile set, falling back to 1 default profile: "default"
2024-03-17T09:54:51.215+03:30  INFO 7092 --- [anformatic] [main] .s.d.r.c.RepositoryConfigurationDelegate : Bootstrapping Spring Data JPA repositories in DEFAULT mode.
2024-03-17T09:54:51.250+03:30  INFO 7092 --- [anformatic] [main] .s.d.r.c.RepositoryConfigurationDelegate : Finished Spring Data repository scanning in 31 ms. Found 4 JPA repository interfaces.
2024-03-17T09:54:51.590+03:30  INFO 7092 --- [anformatic] [main] o.s.b.w.embedded.tomcat.TomcatWebServer  : Tomcat initialized with port 8080 (http)
2024-03-17T09:54:51.597+03:30  INFO 7092 --- [anformatic] [main] o.apache.catalina.core.StandardService   : Starting service [Tomcat]
2024-03-17T09:54:51.597+03:30  INFO 7092 --- [anformatic] [main] o.apache.catalina.core.StandardEngine    : Starting Servlet engine: [Apache Tomcat/10.1.19]
2024-03-17T09:54:51.632+03:30  INFO 7092 --- [anformatic] [main] o.a.c.c.C.[Tomcat].[localhost].[/]       : Initializing Spring embedded WebApplicationContext
2024-03-17T09:54:51.632+03:30  INFO 7092 --- [anformatic] [main] w.s.c.ServletWebServerApplicationContext : Root WebApplicationContext: initialization completed in 792 ms
2024-03-17T09:54:51.652+03:30  INFO 7092 --- [anformatic] [main] com.zaxxer.hikari.HikariDataSource       : HikariPool-1 - Starting...
2024-03-17T09:54:51.751+03:30  INFO 7092 --- [anformatic] [main] com.zaxxer.hikari.pool.HikariPool        : HikariPool-1 - Added connection conn0: url=jdbc:h2:mem:university user=SA
2024-03-17T09:54:51.752+03:30  INFO 7092 --- [anformatic] [main] com.zaxxer.hikari.HikariDataSource       : HikariPool-1 - Start completed.
2024-03-17T09:54:51.758+03:30  INFO 7092 --- [anformatic] [main] o.s.b.a.h2.H2ConsoleAutoConfiguration    : H2 console available at '/h2-console'. Database available at 'jdbc:h2:mem:university'
2024-03-17T09:54:52.054+03:30  INFO 7092 --- [anformatic] [main] o.s.o.j.p.SpringPersistenceUnitInfo      : No LoadTimeWeaver setup: ignoring JPA class transformer
2024-03-17T09:54:52.700+03:30  INFO 7092 --- [anformatic] [main] j.LocalContainerEntityManagerFactoryBean : Initialized JPA EntityManagerFactory for persistence unit 'default'
2024-03-17T09:54:52.883+03:30  WARN 7092 --- [anformatic] [main] JpaBaseConfiguration$JpaWebConfiguration : spring.jpa.open-in-view is enabled by default. Therefore, database queries may be performed during view rendering. Explicitly configure spring.jpa.open-in-view to disable this warning
2024-03-17T09:54:52.996+03:30 DEBUG 7092 --- [anformatic] [main] s.w.s.m.m.a.RequestMappingHandlerMapping : 4 mappings in 'requestMappingHandlerMapping'
2024-03-17T09:54:53.052+03:30 DEBUG 7092 --- [anformatic] [main] o.s.w.s.handler.SimpleUrlHandlerMapping  : Patterns [/webjars/**, /**] in 'resourceHandlerMapping'
2024-03-17T09:54:53.082+03:30  INFO 7092 --- [anformatic] [main] o.s.s.web.DefaultSecurityFilterChain     : Will secure any request with [org.springframework.security.web.session.DisableEncodeUrlFilter@76ccde41, org.springframework.security.web.context.request.async.WebAsyncManagerIntegrationFilter@5f26fc4d, org.springframework.security.web.context.SecurityContextHolderFilter@f5a680, org.springframework.security.web.header.HeaderWriterFilter@50331591, org.springframework.web.filter.CorsFilter@3e8eea59, org.springframework.security.web.authentication.logout.LogoutFilter@182469d0, org.springframework.security.web.authentication.UsernamePasswordAuthenticationFilter@58e0d1ac, org.springframework.security.web.authentication.ui.DefaultLoginPageGeneratingFilter@785477e5, org.springframework.security.web.authentication.ui.DefaultLogoutPageGeneratingFilter@1fb379e4, org.springframework.security.web.savedrequest.RequestCacheAwareFilter@7bf997e0, org.springframework.security.web.servletapi.SecurityContextHolderAwareRequestFilter@71f86562, org.springframework.security.web.authentication.AnonymousAuthenticationFilter@f9d8285, org.springframework.security.web.access.ExceptionTranslationFilter@5afaae7e, org.springframework.security.web.access.intercept.AuthorizationFilter@288e50c1]
2024-03-17T09:54:53.132+03:30 DEBUG 7092 --- [anformatic] [main] s.w.s.m.m.a.RequestMappingHandlerAdapter : ControllerAdvice beans: 0 @ModelAttribute, 0 @InitBinder, 1 RequestBodyAdvice, 1 ResponseBodyAdvice
2024-03-17T09:54:53.151+03:30 DEBUG 7092 --- [anformatic] [main] .m.m.a.ExceptionHandlerExceptionResolver : ControllerAdvice beans: 0 @ExceptionHandler, 1 ResponseBodyAdvice
2024-03-17T09:54:53.285+03:30  INFO 7092 --- [anformatic] [main] o.s.b.w.embedded.tomcat.TomcatWebServer  : Tomcat started on port 8080 (http) with context path ''
2024-03-17T09:54:53.292+03:30  INFO 7092 --- [anformatic] [main] a.anformatic.AnformaticApplication       : Started AnformaticApplication in 2.741 seconds (process running for 3.356)
2024-03-17T09:54:53.294+03:30  INFO 7092 --- [anformatic] [main] a.anformatic.AnformaticApplication       : AnformaticApplication is successfully Run.
2024-03-17T09:55:00.936+03:30  INFO 7092 --- [anformatic] [http-nio-8080-exec-3] o.a.c.c.C.[Tomcat].[localhost].[/]       : Initializing Spring DispatcherServlet 'dispatcherServlet'
2024-03-17T09:55:00.936+03:30  INFO 7092 --- [anformatic] [http-nio-8080-exec-3] o.s.web.servlet.DispatcherServlet        : Initializing Servlet 'dispatcherServlet'
2024-03-17T09:55:00.936+03:30 DEBUG 7092 --- [anformatic] [http-nio-8080-exec-3] o.s.web.servlet.DispatcherServlet        : Detected StandardServletMultipartResolver
2024-03-17T09:55:00.937+03:30 DEBUG 7092 --- [anformatic] [http-nio-8080-exec-3] o.s.web.servlet.DispatcherServlet        : Detected AcceptHeaderLocaleResolver
2024-03-17T09:55:00.937+03:30 DEBUG 7092 --- [anformatic] [http-nio-8080-exec-3] o.s.web.servlet.DispatcherServlet        : Detected FixedThemeResolver
2024-03-17T09:55:00.938+03:30 DEBUG 7092 --- [anformatic] [http-nio-8080-exec-3] o.s.web.servlet.DispatcherServlet        : Detected org.springframework.web.servlet.view.DefaultRequestToViewNameTranslator@5be8a92c
2024-03-17T09:55:00.938+03:30 DEBUG 7092 --- [anformatic] [http-nio-8080-exec-3] o.s.web.servlet.DispatcherServlet        : Detected org.springframework.web.servlet.support.SessionFlashMapManager@770c3ca2
2024-03-17T09:55:00.939+03:30 DEBUG 7092 --- [anformatic] [http-nio-8080-exec-3] o.s.web.servlet.DispatcherServlet        : enableLoggingRequestDetails='false': request parameters and headers will be masked to prevent unsafe logging of potentially sensitive data
2024-03-17T09:55:00.939+03:30  INFO 7092 --- [anformatic] [http-nio-8080-exec-3] o.s.web.servlet.DispatcherServlet        : Completed initialization in 3 ms
2024-03-17T09:55:02.784+03:30 DEBUG 7092 --- [anformatic] [http-nio-8080-exec-5] o.s.web.servlet.DispatcherServlet        : GET "/welcome", parameters={}
2024-03-17T09:55:02.784+03:30 DEBUG 7092 --- [anformatic] [http-nio-8080-exec-5] o.s.w.s.handler.SimpleUrlHandlerMapping  : Mapped to ResourceHttpRequestHandler [classpath [META-INF/resources/], classpath [resources/], classpath [static/], classpath [public/], ServletContext [/]]
2024-03-17T09:55:02.784+03:30 DEBUG 7092 --- [anformatic] [http-nio-8080-exec-5] o.s.w.s.r.ResourceHttpRequestHandler     : Resource not found
2024-03-17T09:55:02.784+03:30 DEBUG 7092 --- [anformatic] [http-nio-8080-exec-5] .w.s.m.s.DefaultHandlerExceptionResolver : Resolved [org.springframework.web.servlet.resource.NoResourceFoundException: No static resource welcome.]
2024-03-17T09:55:02.784+03:30 DEBUG 7092 --- [anformatic] [http-nio-8080-exec-5] o.s.web.servlet.DispatcherServlet        : Completed 404 NOT_FOUND
2024-03-17T09:55:02.784+03:30 DEBUG 7092 --- [anformatic] [http-nio-8080-exec-5] o.s.web.servlet.DispatcherServlet        : "ERROR" dispatch for GET "/error", parameters={}
2024-03-17T09:55:02.800+03:30 DEBUG 7092 --- [anformatic] [http-nio-8080-exec-5] s.w.s.m.m.a.RequestMappingHandlerMapping : Mapped to org.springframework.boot.autoconfigure.web.servlet.error.BasicErrorController#errorHtml(HttpServletRequest, HttpServletResponse)
2024-03-17T09:55:02.800+03:30 DEBUG 7092 --- [anformatic] [http-nio-8080-exec-5] o.s.w.s.v.ContentNegotiatingViewResolver : Selected 'text/html' given [text/html, text/html;q=0.8]
2024-03-17T09:55:02.815+03:30 DEBUG 7092 --- [anformatic] [http-nio-8080-exec-5] o.s.web.servlet.DispatcherServlet        : Exiting from "ERROR" dispatch, status 404
2024-03-17T10:14:46.664+03:30  INFO 7092 --- [anformatic] [SpringApplicationShutdownHook] j.LocalContainerEntityManagerFactoryBean : Closing JPA EntityManagerFactory for persistence unit 'default'
2024-03-17T10:14:46.668+03:30 ERROR 7092 --- [anformatic] [SpringApplicationShutdownHook] .SchemaDropperImpl$DelayedDropActionImpl : HHH000478: Unsuccessful: drop table if exists user cascade 
2024-03-17T10:14:46.670+03:30  INFO 7092 --- [anformatic] [SpringApplicationShutdownHook] com.zaxxer.hikari.HikariDataSource       : HikariPool-1 - Shutdown initiated...
2024-03-17T10:14:46.672+03:30  INFO 7092 --- [anformatic] [SpringApplicationShutdownHook] com.zaxxer.hikari.HikariDataSource       : HikariPool-1 - Shutdown completed.
2024-03-17T10:14:49.955+03:30  INFO 10316 --- [anformatic] [main] a.anformatic.AnformaticApplication       : Starting AnformaticApplication using Java 17.0.4 with PID 10316 (C:\Users\ASUS\Downloads\anformatic\anformatic\target\classes started by ASUS in C:\Users\ASUS\Downloads\anformatic\anformatic)
2024-03-17T10:14:49.957+03:30  INFO 10316 --- [anformatic] [main] a.anformatic.AnformaticApplication       : No active profile set, falling back to 1 default profile: "default"
2024-03-17T10:14:50.377+03:30  INFO 10316 --- [anformatic] [main] .s.d.r.c.RepositoryConfigurationDelegate : Bootstrapping Spring Data JPA repositories in DEFAULT mode.
2024-03-17T10:14:50.410+03:30  INFO 10316 --- [anformatic] [main] .s.d.r.c.RepositoryConfigurationDelegate : Finished Spring Data repository scanning in 30 ms. Found 4 JPA repository interfaces.
2024-03-17T10:14:50.728+03:30  INFO 10316 --- [anformatic] [main] o.s.b.w.embedded.tomcat.TomcatWebServer  : Tomcat initialized with port 8080 (http)
2024-03-17T10:14:50.733+03:30  INFO 10316 --- [anformatic] [main] o.apache.catalina.core.StandardService   : Starting service [Tomcat]
2024-03-17T10:14:50.733+03:30  INFO 10316 --- [anformatic] [main] o.apache.catalina.core.StandardEngine    : Starting Servlet engine: [Apache Tomcat/10.1.19]
2024-03-17T10:14:50.768+03:30  INFO 10316 --- [anformatic] [main] o.a.c.c.C.[Tomcat].[localhost].[/]       : Initializing Spring embedded WebApplicationContext
2024-03-17T10:14:50.769+03:30  INFO 10316 --- [anformatic] [main] w.s.c.ServletWebServerApplicationContext : Root WebApplicationContext: initialization completed in 783 ms
2024-03-17T10:14:50.790+03:30  INFO 10316 --- [anformatic] [main] com.zaxxer.hikari.HikariDataSource       : HikariPool-1 - Starting...
2024-03-17T10:14:50.876+03:30  INFO 10316 --- [anformatic] [main] com.zaxxer.hikari.pool.HikariPool        : HikariPool-1 - Added connection conn0: url=jdbc:h2:mem:university user=SA
2024-03-17T10:14:50.877+03:30  INFO 10316 --- [anformatic] [main] com.zaxxer.hikari.HikariDataSource       : HikariPool-1 - Start completed.
2024-03-17T10:14:50.884+03:30  INFO 10316 --- [anformatic] [main] o.s.b.a.h2.H2ConsoleAutoConfiguration    : H2 console available at '/h2-console'. Database available at 'jdbc:h2:mem:university'
2024-03-17T10:14:51.157+03:30  INFO 10316 --- [anformatic] [main] o.s.o.j.p.SpringPersistenceUnitInfo      : No LoadTimeWeaver setup: ignoring JPA class transformer
2024-03-17T10:14:51.789+03:30  INFO 10316 --- [anformatic] [main] j.LocalContainerEntityManagerFactoryBean : Initialized JPA EntityManagerFactory for persistence unit 'default'
2024-03-17T10:14:51.984+03:30  WARN 10316 --- [anformatic] [main] JpaBaseConfiguration$JpaWebConfiguration : spring.jpa.open-in-view is enabled by default. Therefore, database queries may be performed during view rendering. Explicitly configure spring.jpa.open-in-view to disable this warning
2024-03-17T10:14:52.083+03:30 DEBUG 10316 --- [anformatic] [main] s.w.s.m.m.a.RequestMappingHandlerMapping : 9 mappings in 'requestMappingHandlerMapping'
2024-03-17T10:14:52.140+03:30 DEBUG 10316 --- [anformatic] [main] o.s.w.s.handler.SimpleUrlHandlerMapping  : Patterns [/webjars/**, /**] in 'resourceHandlerMapping'
2024-03-17T10:14:52.170+03:30  INFO 10316 --- [anformatic] [main] o.s.s.web.DefaultSecurityFilterChain     : Will secure any request with [org.springframework.security.web.session.DisableEncodeUrlFilter@eb66b47, org.springframework.security.web.context.request.async.WebAsyncManagerIntegrationFilter@11e75942, org.springframework.security.web.context.SecurityContextHolderFilter@20f3291d, org.springframework.security.web.header.HeaderWriterFilter@2e243122, org.springframework.web.filter.CorsFilter@23c61c1b, org.springframework.security.web.authentication.logout.LogoutFilter@51c15508, org.springframework.security.web.authentication.UsernamePasswordAuthenticationFilter@4accc3de, org.springframework.security.web.authentication.ui.DefaultLoginPageGeneratingFilter@24be6e34, org.springframework.security.web.authentication.ui.DefaultLogoutPageGeneratingFilter@4a6d6308, org.springframework.security.web.savedrequest.RequestCacheAwareFilter@654dbb78, org.springframework.security.web.servletapi.SecurityContextHolderAwareRequestFilter@1dba7721, org.springframework.security.web.authentication.AnonymousAuthenticationFilter@773cc551, org.springframework.security.web.access.ExceptionTranslationFilter@f9d8285, org.springframework.security.web.access.intercept.AuthorizationFilter@6dcdc378]
2024-03-17T10:14:52.219+03:30 DEBUG 10316 --- [anformatic] [main] s.w.s.m.m.a.RequestMappingHandlerAdapter : ControllerAdvice beans: 0 @ModelAttribute, 0 @InitBinder, 1 RequestBodyAdvice, 1 ResponseBodyAdvice
2024-03-17T10:14:52.238+03:30 DEBUG 10316 --- [anformatic] [main] .m.m.a.ExceptionHandlerExceptionResolver : ControllerAdvice beans: 0 @ExceptionHandler, 1 ResponseBodyAdvice
2024-03-17T10:14:52.388+03:30  INFO 10316 --- [anformatic] [main] o.s.b.w.embedded.tomcat.TomcatWebServer  : Tomcat started on port 8080 (http) with context path ''
2024-03-17T10:14:52.395+03:30  INFO 10316 --- [anformatic] [main] a.anformatic.AnformaticApplication       : Started AnformaticApplication in 2.706 seconds (process running for 3.054)
2024-03-17T10:14:52.397+03:30  INFO 10316 --- [anformatic] [main] a.anformatic.AnformaticApplication       : AnformaticApplication is successfully Run.
2024-03-17T10:14:57.042+03:30  INFO 10316 --- [anformatic] [http-nio-8080-exec-3] o.a.c.c.C.[Tomcat].[localhost].[/]       : Initializing Spring DispatcherServlet 'dispatcherServlet'
2024-03-17T10:14:57.043+03:30  INFO 10316 --- [anformatic] [http-nio-8080-exec-3] o.s.web.servlet.DispatcherServlet        : Initializing Servlet 'dispatcherServlet'
2024-03-17T10:14:57.043+03:30 DEBUG 10316 --- [anformatic] [http-nio-8080-exec-3] o.s.web.servlet.DispatcherServlet        : Detected StandardServletMultipartResolver
2024-03-17T10:14:57.043+03:30 DEBUG 10316 --- [anformatic] [http-nio-8080-exec-3] o.s.web.servlet.DispatcherServlet        : Detected AcceptHeaderLocaleResolver
2024-03-17T10:14:57.043+03:30 DEBUG 10316 --- [anformatic] [http-nio-8080-exec-3] o.s.web.servlet.DispatcherServlet        : Detected FixedThemeResolver
2024-03-17T10:14:57.044+03:30 DEBUG 10316 --- [anformatic] [http-nio-8080-exec-3] o.s.web.servlet.DispatcherServlet        : Detected org.springframework.web.servlet.view.DefaultRequestToViewNameTranslator@12f933c7
2024-03-17T10:14:57.044+03:30 DEBUG 10316 --- [anformatic] [http-nio-8080-exec-3] o.s.web.servlet.DispatcherServlet        : Detected org.springframework.web.servlet.support.SessionFlashMapManager@58dea0a7
2024-03-17T10:14:57.044+03:30 DEBUG 10316 --- [anformatic] [http-nio-8080-exec-3] o.s.web.servlet.DispatcherServlet        : enableLoggingRequestDetails='false': request parameters and headers will be masked to prevent unsafe logging of potentially sensitive data
2024-03-17T10:14:57.046+03:30  INFO 10316 --- [anformatic] [http-nio-8080-exec-3] o.s.web.servlet.DispatcherServlet        : Completed initialization in 3 ms
2024-03-17T10:14:58.388+03:30 DEBUG 10316 --- [anformatic] [http-nio-8080-exec-5] o.s.web.servlet.DispatcherServlet        : GET "/student/welcome", parameters={}
2024-03-17T10:14:58.388+03:30 DEBUG 10316 --- [anformatic] [http-nio-8080-exec-5] s.w.s.m.m.a.RequestMappingHandlerMapping : Mapped to aSpringBootProject.anformatic.controller.StudentController#index()
2024-03-17T10:14:58.404+03:30 DEBUG 10316 --- [anformatic] [http-nio-8080-exec-5] m.m.a.RequestResponseBodyMethodProcessor : Using 'text/html', given [text/html, application/xhtml+xml, image/avif, image/webp, application/xml;q=0.9, */*;q=0.8] and supported [text/plain, */*, application/json, application/*+json]
2024-03-17T10:14:58.404+03:30 DEBUG 10316 --- [anformatic] [http-nio-8080-exec-5] m.m.a.RequestResponseBodyMethodProcessor : Writing ["/pages/welcome.html"]
2024-03-17T10:14:58.404+03:30 DEBUG 10316 --- [anformatic] [http-nio-8080-exec-5] o.s.web.servlet.DispatcherServlet        : Completed 200 OK
2024-03-17T10:18:15.372+03:30  INFO 10316 --- [anformatic] [SpringApplicationShutdownHook] j.LocalContainerEntityManagerFactoryBean : Closing JPA EntityManagerFactory for persistence unit 'default'
2024-03-17T10:18:15.376+03:30 ERROR 10316 --- [anformatic] [SpringApplicationShutdownHook] .SchemaDropperImpl$DelayedDropActionImpl : HHH000478: Unsuccessful: drop table if exists user cascade 
2024-03-17T10:18:15.380+03:30  INFO 10316 --- [anformatic] [SpringApplicationShutdownHook] com.zaxxer.hikari.HikariDataSource       : HikariPool-1 - Shutdown initiated...
2024-03-17T10:18:15.381+03:30  INFO 10316 --- [anformatic] [SpringApplicationShutdownHook] com.zaxxer.hikari.HikariDataSource       : HikariPool-1 - Shutdown completed.
2024-03-17T10:18:18.580+03:30  INFO 6092 --- [anformatic] [main] a.anformatic.AnformaticApplication       : Starting AnformaticApplication using Java 17.0.4 with PID 6092 (C:\Users\ASUS\Downloads\anformatic\anformatic\target\classes started by ASUS in C:\Users\ASUS\Downloads\anformatic\anformatic)
2024-03-17T10:18:18.582+03:30  INFO 6092 --- [anformatic] [main] a.anformatic.AnformaticApplication       : No active profile set, falling back to 1 default profile: "default"
2024-03-17T10:18:19.017+03:30  INFO 6092 --- [anformatic] [main] .s.d.r.c.RepositoryConfigurationDelegate : Bootstrapping Spring Data JPA repositories in DEFAULT mode.
2024-03-17T10:18:19.051+03:30  INFO 6092 --- [anformatic] [main] .s.d.r.c.RepositoryConfigurationDelegate : Finished Spring Data repository scanning in 30 ms. Found 4 JPA repository interfaces.
2024-03-17T10:18:19.378+03:30  INFO 6092 --- [anformatic] [main] o.s.b.w.embedded.tomcat.TomcatWebServer  : Tomcat initialized with port 8080 (http)
2024-03-17T10:18:19.383+03:30  INFO 6092 --- [anformatic] [main] o.apache.catalina.core.StandardService   : Starting service [Tomcat]
2024-03-17T10:18:19.383+03:30  INFO 6092 --- [anformatic] [main] o.apache.catalina.core.StandardEngine    : Starting Servlet engine: [Apache Tomcat/10.1.19]
2024-03-17T10:18:19.418+03:30  INFO 6092 --- [anformatic] [main] o.a.c.c.C.[Tomcat].[localhost].[/]       : Initializing Spring embedded WebApplicationContext
2024-03-17T10:18:19.418+03:30  INFO 6092 --- [anformatic] [main] w.s.c.ServletWebServerApplicationContext : Root WebApplicationContext: initialization completed in 806 ms
2024-03-17T10:18:19.436+03:30  INFO 6092 --- [anformatic] [main] com.zaxxer.hikari.HikariDataSource       : HikariPool-1 - Starting...
2024-03-17T10:18:19.518+03:30  INFO 6092 --- [anformatic] [main] com.zaxxer.hikari.pool.HikariPool        : HikariPool-1 - Added connection conn0: url=jdbc:h2:mem:university user=SA
2024-03-17T10:18:19.519+03:30  INFO 6092 --- [anformatic] [main] com.zaxxer.hikari.HikariDataSource       : HikariPool-1 - Start completed.
2024-03-17T10:18:19.525+03:30  INFO 6092 --- [anformatic] [main] o.s.b.a.h2.H2ConsoleAutoConfiguration    : H2 console available at '/h2-console'. Database available at 'jdbc:h2:mem:university'
2024-03-17T10:18:19.789+03:30  INFO 6092 --- [anformatic] [main] o.s.o.j.p.SpringPersistenceUnitInfo      : No LoadTimeWeaver setup: ignoring JPA class transformer
2024-03-17T10:18:20.416+03:30  INFO 6092 --- [anformatic] [main] j.LocalContainerEntityManagerFactoryBean : Initialized JPA EntityManagerFactory for persistence unit 'default'
2024-03-17T10:18:20.622+03:30  WARN 6092 --- [anformatic] [main] JpaBaseConfiguration$JpaWebConfiguration : spring.jpa.open-in-view is enabled by default. Therefore, database queries may be performed during view rendering. Explicitly configure spring.jpa.open-in-view to disable this warning
2024-03-17T10:18:20.721+03:30 DEBUG 6092 --- [anformatic] [main] s.w.s.m.m.a.RequestMappingHandlerMapping : 9 mappings in 'requestMappingHandlerMapping'
2024-03-17T10:18:20.778+03:30 DEBUG 6092 --- [anformatic] [main] o.s.w.s.handler.SimpleUrlHandlerMapping  : Patterns [/webjars/**, /**] in 'resourceHandlerMapping'
2024-03-17T10:18:20.809+03:30  INFO 6092 --- [anformatic] [main] o.s.s.web.DefaultSecurityFilterChain     : Will secure any request with [org.springframework.security.web.session.DisableEncodeUrlFilter@1b897ffb, org.springframework.security.web.context.request.async.WebAsyncManagerIntegrationFilter@2ec258f1, org.springframework.security.web.context.SecurityContextHolderFilter@182469d0, org.springframework.security.web.header.HeaderWriterFilter@68024e57, org.springframework.web.filter.CorsFilter@3074575a, org.springframework.security.web.authentication.logout.LogoutFilter@2e243122, org.springframework.security.web.authentication.UsernamePasswordAuthenticationFilter@5b312863, org.springframework.security.web.authentication.ui.DefaultLoginPageGeneratingFilter@69374e28, org.springframework.security.web.authentication.ui.DefaultLogoutPageGeneratingFilter@7e4bbda4, org.springframework.security.web.savedrequest.RequestCacheAwareFilter@c6653e, org.springframework.security.web.servletapi.SecurityContextHolderAwareRequestFilter@435e224d, org.springframework.security.web.authentication.AnonymousAuthenticationFilter@2eed6331, org.springframework.security.web.access.ExceptionTranslationFilter@49c72fb7, org.springframework.security.web.access.intercept.AuthorizationFilter@39f3285d]
2024-03-17T10:18:20.865+03:30 DEBUG 6092 --- [anformatic] [main] s.w.s.m.m.a.RequestMappingHandlerAdapter : ControllerAdvice beans: 0 @ModelAttribute, 0 @InitBinder, 1 RequestBodyAdvice, 1 ResponseBodyAdvice
2024-03-17T10:18:20.891+03:30 DEBUG 6092 --- [anformatic] [main] .m.m.a.ExceptionHandlerExceptionResolver : ControllerAdvice beans: 0 @ExceptionHandler, 1 ResponseBodyAdvice
2024-03-17T10:18:21.013+03:30  INFO 6092 --- [anformatic] [main] o.s.b.w.embedded.tomcat.TomcatWebServer  : Tomcat started on port 8080 (http) with context path ''
2024-03-17T10:18:21.019+03:30  INFO 6092 --- [anformatic] [main] a.anformatic.AnformaticApplication       : Started AnformaticApplication in 2.706 seconds (process running for 3.048)
2024-03-17T10:18:21.021+03:30  INFO 6092 --- [anformatic] [main] a.anformatic.AnformaticApplication       : AnformaticApplication is successfully Run.
2024-03-17T10:18:29.985+03:30  INFO 6092 --- [anformatic] [http-nio-8080-exec-1] o.a.c.c.C.[Tomcat].[localhost].[/]       : Initializing Spring DispatcherServlet 'dispatcherServlet'
2024-03-17T10:18:29.985+03:30  INFO 6092 --- [anformatic] [http-nio-8080-exec-1] o.s.web.servlet.DispatcherServlet        : Initializing Servlet 'dispatcherServlet'
2024-03-17T10:18:29.985+03:30 DEBUG 6092 --- [anformatic] [http-nio-8080-exec-1] o.s.web.servlet.DispatcherServlet        : Detected StandardServletMultipartResolver
2024-03-17T10:18:29.985+03:30 DEBUG 6092 --- [anformatic] [http-nio-8080-exec-1] o.s.web.servlet.DispatcherServlet        : Detected AcceptHeaderLocaleResolver
2024-03-17T10:18:29.985+03:30 DEBUG 6092 --- [anformatic] [http-nio-8080-exec-1] o.s.web.servlet.DispatcherServlet        : Detected FixedThemeResolver
2024-03-17T10:18:29.986+03:30 DEBUG 6092 --- [anformatic] [http-nio-8080-exec-1] o.s.web.servlet.DispatcherServlet        : Detected org.springframework.web.servlet.view.DefaultRequestToViewNameTranslator@32eeef08
2024-03-17T10:18:29.986+03:30 DEBUG 6092 --- [anformatic] [http-nio-8080-exec-1] o.s.web.servlet.DispatcherServlet        : Detected org.springframework.web.servlet.support.SessionFlashMapManager@34dda1b4
2024-03-17T10:18:29.986+03:30 DEBUG 6092 --- [anformatic] [http-nio-8080-exec-1] o.s.web.servlet.DispatcherServlet        : enableLoggingRequestDetails='false': request parameters and headers will be masked to prevent unsafe logging of potentially sensitive data
2024-03-17T10:18:29.987+03:30  INFO 6092 --- [anformatic] [http-nio-8080-exec-1] o.s.web.servlet.DispatcherServlet        : Completed initialization in 1 ms
2024-03-17T10:18:31.571+03:30 DEBUG 6092 --- [anformatic] [http-nio-8080-exec-6] o.s.web.servlet.DispatcherServlet        : GET "/student/welcome", parameters={}
2024-03-17T10:18:31.572+03:30 DEBUG 6092 --- [anformatic] [http-nio-8080-exec-6] s.w.s.m.m.a.RequestMappingHandlerMapping : Mapped to aSpringBootProject.anformatic.controller.StudentController#index()
2024-03-17T10:18:31.584+03:30 DEBUG 6092 --- [anformatic] [http-nio-8080-exec-6] m.m.a.RequestResponseBodyMethodProcessor : Using 'text/html', given [text/html, application/xhtml+xml, image/avif, image/webp, application/xml;q=0.9, */*;q=0.8] and supported [text/plain, */*, application/json, application/*+json]
2024-03-17T10:18:31.585+03:30 DEBUG 6092 --- [anformatic] [http-nio-8080-exec-6] m.m.a.RequestResponseBodyMethodProcessor : Writing ["/pages/welcome"]
2024-03-17T10:18:31.586+03:30 DEBUG 6092 --- [anformatic] [http-nio-8080-exec-6] o.s.web.servlet.DispatcherServlet        : Completed 200 OK
2024-03-17T10:32:19.124+03:30  INFO 6092 --- [anformatic] [SpringApplicationShutdownHook] j.LocalContainerEntityManagerFactoryBean : Closing JPA EntityManagerFactory for persistence unit 'default'
2024-03-17T10:32:19.128+03:30 ERROR 6092 --- [anformatic] [SpringApplicationShutdownHook] .SchemaDropperImpl$DelayedDropActionImpl : HHH000478: Unsuccessful: drop table if exists user cascade 
2024-03-17T10:32:19.129+03:30  INFO 6092 --- [anformatic] [SpringApplicationShutdownHook] com.zaxxer.hikari.HikariDataSource       : HikariPool-1 - Shutdown initiated...
2024-03-17T10:32:19.131+03:30  INFO 6092 --- [anformatic] [SpringApplicationShutdownHook] com.zaxxer.hikari.HikariDataSource       : HikariPool-1 - Shutdown completed.
2024-03-17T10:32:23.245+03:30  INFO 3296 --- [anformatic] [main] a.anformatic.AnformaticApplication       : Starting AnformaticApplication using Java 17.0.4 with PID 3296 (C:\Users\ASUS\Downloads\anformatic\anformatic\target\classes started by ASUS in C:\Users\ASUS\Downloads\anformatic\anformatic)
2024-03-17T10:32:23.247+03:30  INFO 3296 --- [anformatic] [main] a.anformatic.AnformaticApplication       : No active profile set, falling back to 1 default profile: "default"
2024-03-17T10:32:23.677+03:30  INFO 3296 --- [anformatic] [main] .s.d.r.c.RepositoryConfigurationDelegate : Bootstrapping Spring Data JPA repositories in DEFAULT mode.
2024-03-17T10:32:23.715+03:30  INFO 3296 --- [anformatic] [main] .s.d.r.c.RepositoryConfigurationDelegate : Finished Spring Data repository scanning in 31 ms. Found 4 JPA repository interfaces.
2024-03-17T10:32:24.041+03:30  INFO 3296 --- [anformatic] [main] o.s.b.w.embedded.tomcat.TomcatWebServer  : Tomcat initialized with port 8080 (http)
2024-03-17T10:32:24.046+03:30  INFO 3296 --- [anformatic] [main] o.apache.catalina.core.StandardService   : Starting service [Tomcat]
2024-03-17T10:32:24.046+03:30  INFO 3296 --- [anformatic] [main] o.apache.catalina.core.StandardEngine    : Starting Servlet engine: [Apache Tomcat/10.1.19]
2024-03-17T10:32:24.083+03:30  INFO 3296 --- [anformatic] [main] o.a.c.c.C.[Tomcat].[localhost].[/]       : Initializing Spring embedded WebApplicationContext
2024-03-17T10:32:24.083+03:30  INFO 3296 --- [anformatic] [main] w.s.c.ServletWebServerApplicationContext : Root WebApplicationContext: initialization completed in 806 ms
2024-03-17T10:32:24.109+03:30  INFO 3296 --- [anformatic] [main] com.zaxxer.hikari.HikariDataSource       : HikariPool-1 - Starting...
2024-03-17T10:32:24.219+03:30  INFO 3296 --- [anformatic] [main] com.zaxxer.hikari.pool.HikariPool        : HikariPool-1 - Added connection conn0: url=jdbc:h2:mem:university user=SA
2024-03-17T10:32:24.220+03:30  INFO 3296 --- [anformatic] [main] com.zaxxer.hikari.HikariDataSource       : HikariPool-1 - Start completed.
2024-03-17T10:32:24.225+03:30  INFO 3296 --- [anformatic] [main] o.s.b.a.h2.H2ConsoleAutoConfiguration    : H2 console available at '/h2-console'. Database available at 'jdbc:h2:mem:university'
2024-03-17T10:32:24.500+03:30  INFO 3296 --- [anformatic] [main] o.s.o.j.p.SpringPersistenceUnitInfo      : No LoadTimeWeaver setup: ignoring JPA class transformer
2024-03-17T10:32:25.124+03:30  INFO 3296 --- [anformatic] [main] j.LocalContainerEntityManagerFactoryBean : Initialized JPA EntityManagerFactory for persistence unit 'default'
2024-03-17T10:32:25.322+03:30  WARN 3296 --- [anformatic] [main] JpaBaseConfiguration$JpaWebConfiguration : spring.jpa.open-in-view is enabled by default. Therefore, database queries may be performed during view rendering. Explicitly configure spring.jpa.open-in-view to disable this warning
2024-03-17T10:32:25.426+03:30 DEBUG 3296 --- [anformatic] [main] s.w.s.m.m.a.RequestMappingHandlerMapping : 10 mappings in 'requestMappingHandlerMapping'
2024-03-17T10:32:25.481+03:30 DEBUG 3296 --- [anformatic] [main] o.s.w.s.handler.SimpleUrlHandlerMapping  : Patterns [/webjars/**, /**] in 'resourceHandlerMapping'
2024-03-17T10:32:25.512+03:30  INFO 3296 --- [anformatic] [main] o.s.s.web.DefaultSecurityFilterChain     : Will secure any request with [org.springframework.security.web.session.DisableEncodeUrlFilter@23a78d2e, org.springframework.security.web.context.request.async.WebAsyncManagerIntegrationFilter@20724c21, org.springframework.security.web.context.SecurityContextHolderFilter@2e243122, org.springframework.security.web.header.HeaderWriterFilter@1fb379e4, org.springframework.web.filter.CorsFilter@c0cb9c2, org.springframework.security.web.authentication.logout.LogoutFilter@88e85a, org.springframework.security.web.authentication.UsernamePasswordAuthenticationFilter@280f061e, org.springframework.security.web.authentication.ui.DefaultLoginPageGeneratingFilter@6c3627c, org.springframework.security.web.authentication.ui.DefaultLogoutPageGeneratingFilter@eb66b47, org.springframework.security.web.savedrequest.RequestCacheAwareFilter@49b6373f, org.springframework.security.web.servletapi.SecurityContextHolderAwareRequestFilter@20f3291d, org.springframework.security.web.authentication.AnonymousAuthenticationFilter@11e75942, org.springframework.security.web.access.ExceptionTranslationFilter@5f26fc4d, org.springframework.security.web.access.intercept.AuthorizationFilter@7ffb0bb4]
2024-03-17T10:32:25.560+03:30 DEBUG 3296 --- [anformatic] [main] s.w.s.m.m.a.RequestMappingHandlerAdapter : ControllerAdvice beans: 0 @ModelAttribute, 0 @InitBinder, 1 RequestBodyAdvice, 1 ResponseBodyAdvice
2024-03-17T10:32:25.580+03:30 DEBUG 3296 --- [anformatic] [main] .m.m.a.ExceptionHandlerExceptionResolver : ControllerAdvice beans: 0 @ExceptionHandler, 1 ResponseBodyAdvice
2024-03-17T10:32:25.719+03:30  INFO 3296 --- [anformatic] [main] o.s.b.w.embedded.tomcat.TomcatWebServer  : Tomcat started on port 8080 (http) with context path ''
2024-03-17T10:32:25.726+03:30  INFO 3296 --- [anformatic] [main] a.anformatic.AnformaticApplication       : Started AnformaticApplication in 2.777 seconds (process running for 3.225)
2024-03-17T10:32:25.727+03:30  INFO 3296 --- [anformatic] [main] a.anformatic.AnformaticApplication       : AnformaticApplication is successfully Run.
2024-03-17T10:32:52.844+03:30  INFO 3296 --- [anformatic] [http-nio-8080-exec-1] o.a.c.c.C.[Tomcat].[localhost].[/]       : Initializing Spring DispatcherServlet 'dispatcherServlet'
2024-03-17T10:32:52.845+03:30  INFO 3296 --- [anformatic] [http-nio-8080-exec-1] o.s.web.servlet.DispatcherServlet        : Initializing Servlet 'dispatcherServlet'
2024-03-17T10:32:52.845+03:30 DEBUG 3296 --- [anformatic] [http-nio-8080-exec-1] o.s.web.servlet.DispatcherServlet        : Detected StandardServletMultipartResolver
2024-03-17T10:32:52.845+03:30 DEBUG 3296 --- [anformatic] [http-nio-8080-exec-1] o.s.web.servlet.DispatcherServlet        : Detected AcceptHeaderLocaleResolver
2024-03-17T10:32:52.845+03:30 DEBUG 3296 --- [anformatic] [http-nio-8080-exec-1] o.s.web.servlet.DispatcherServlet        : Detected FixedThemeResolver
2024-03-17T10:32:52.845+03:30 DEBUG 3296 --- [anformatic] [http-nio-8080-exec-1] o.s.web.servlet.DispatcherServlet        : Detected org.springframework.web.servlet.view.DefaultRequestToViewNameTranslator@5f6b1f19
2024-03-17T10:32:52.845+03:30 DEBUG 3296 --- [anformatic] [http-nio-8080-exec-1] o.s.web.servlet.DispatcherServlet        : Detected org.springframework.web.servlet.support.SessionFlashMapManager@5432be12
2024-03-17T10:32:52.846+03:30 DEBUG 3296 --- [anformatic] [http-nio-8080-exec-1] o.s.web.servlet.DispatcherServlet        : enableLoggingRequestDetails='false': request parameters and headers will be masked to prevent unsafe logging of potentially sensitive data
2024-03-17T10:32:52.846+03:30  INFO 3296 --- [anformatic] [http-nio-8080-exec-1] o.s.web.servlet.DispatcherServlet        : Completed initialization in 1 ms
2024-03-17T10:32:54.432+03:30 DEBUG 3296 --- [anformatic] [http-nio-8080-exec-5] o.s.web.servlet.DispatcherServlet        : GET "/student/welcome", parameters={}
2024-03-17T10:32:54.433+03:30 DEBUG 3296 --- [anformatic] [http-nio-8080-exec-5] s.w.s.m.m.a.RequestMappingHandlerMapping : Mapped to aSpringBootProject.anformatic.controller.StudentController#index()
2024-03-17T10:32:54.446+03:30 DEBUG 3296 --- [anformatic] [http-nio-8080-exec-5] m.m.a.RequestResponseBodyMethodProcessor : Using 'text/html', given [text/html, application/xhtml+xml, image/avif, image/webp, application/xml;q=0.9, */*;q=0.8] and supported [text/plain, */*, application/json, application/*+json]
2024-03-17T10:32:54.446+03:30 DEBUG 3296 --- [anformatic] [http-nio-8080-exec-5] m.m.a.RequestResponseBodyMethodProcessor : Writing ["templates/pages/welcome.html"]
2024-03-17T10:32:54.448+03:30 DEBUG 3296 --- [anformatic] [http-nio-8080-exec-5] o.s.web.servlet.DispatcherServlet        : Completed 200 OK
2024-03-17T10:33:26.142+03:30  INFO 3296 --- [anformatic] [SpringApplicationShutdownHook] j.LocalContainerEntityManagerFactoryBean : Closing JPA EntityManagerFactory for persistence unit 'default'
2024-03-17T10:33:26.147+03:30 ERROR 3296 --- [anformatic] [SpringApplicationShutdownHook] .SchemaDropperImpl$DelayedDropActionImpl : HHH000478: Unsuccessful: drop table if exists user cascade 
2024-03-17T10:33:26.150+03:30  INFO 3296 --- [anformatic] [SpringApplicationShutdownHook] com.zaxxer.hikari.HikariDataSource       : HikariPool-1 - Shutdown initiated...
2024-03-17T10:33:26.152+03:30  INFO 3296 --- [anformatic] [SpringApplicationShutdownHook] com.zaxxer.hikari.HikariDataSource       : HikariPool-1 - Shutdown completed.
2024-03-17T10:33:29.840+03:30  INFO 13908 --- [anformatic] [main] a.anformatic.AnformaticApplication       : Starting AnformaticApplication using Java 17.0.4 with PID 13908 (C:\Users\ASUS\Downloads\anformatic\anformatic\target\classes started by ASUS in C:\Users\ASUS\Downloads\anformatic\anformatic)
2024-03-17T10:33:29.843+03:30  INFO 13908 --- [anformatic] [main] a.anformatic.AnformaticApplication       : No active profile set, falling back to 1 default profile: "default"
2024-03-17T10:33:30.281+03:30  INFO 13908 --- [anformatic] [main] .s.d.r.c.RepositoryConfigurationDelegate : Bootstrapping Spring Data JPA repositories in DEFAULT mode.
2024-03-17T10:33:30.314+03:30  INFO 13908 --- [anformatic] [main] .s.d.r.c.RepositoryConfigurationDelegate : Finished Spring Data repository scanning in 29 ms. Found 4 JPA repository interfaces.
2024-03-17T10:33:30.617+03:30  INFO 13908 --- [anformatic] [main] o.s.b.w.embedded.tomcat.TomcatWebServer  : Tomcat initialized with port 8080 (http)
2024-03-17T10:33:30.622+03:30  INFO 13908 --- [anformatic] [main] o.apache.catalina.core.StandardService   : Starting service [Tomcat]
2024-03-17T10:33:30.623+03:30  INFO 13908 --- [anformatic] [main] o.apache.catalina.core.StandardEngine    : Starting Servlet engine: [Apache Tomcat/10.1.19]
2024-03-17T10:33:30.654+03:30  INFO 13908 --- [anformatic] [main] o.a.c.c.C.[Tomcat].[localhost].[/]       : Initializing Spring embedded WebApplicationContext
2024-03-17T10:33:30.655+03:30  INFO 13908 --- [anformatic] [main] w.s.c.ServletWebServerApplicationContext : Root WebApplicationContext: initialization completed in 773 ms
2024-03-17T10:33:30.672+03:30  INFO 13908 --- [anformatic] [main] com.zaxxer.hikari.HikariDataSource       : HikariPool-1 - Starting...
2024-03-17T10:33:30.757+03:30  INFO 13908 --- [anformatic] [main] com.zaxxer.hikari.pool.HikariPool        : HikariPool-1 - Added connection conn0: url=jdbc:h2:mem:university user=SA
2024-03-17T10:33:30.757+03:30  INFO 13908 --- [anformatic] [main] com.zaxxer.hikari.HikariDataSource       : HikariPool-1 - Start completed.
2024-03-17T10:33:30.763+03:30  INFO 13908 --- [anformatic] [main] o.s.b.a.h2.H2ConsoleAutoConfiguration    : H2 console available at '/h2-console'. Database available at 'jdbc:h2:mem:university'
2024-03-17T10:33:31.020+03:30  INFO 13908 --- [anformatic] [main] o.s.o.j.p.SpringPersistenceUnitInfo      : No LoadTimeWeaver setup: ignoring JPA class transformer
2024-03-17T10:33:31.612+03:30  INFO 13908 --- [anformatic] [main] j.LocalContainerEntityManagerFactoryBean : Initialized JPA EntityManagerFactory for persistence unit 'default'
2024-03-17T10:33:31.793+03:30  WARN 13908 --- [anformatic] [main] JpaBaseConfiguration$JpaWebConfiguration : spring.jpa.open-in-view is enabled by default. Therefore, database queries may be performed during view rendering. Explicitly configure spring.jpa.open-in-view to disable this warning
2024-03-17T10:33:31.888+03:30 DEBUG 13908 --- [anformatic] [main] s.w.s.m.m.a.RequestMappingHandlerMapping : 10 mappings in 'requestMappingHandlerMapping'
2024-03-17T10:33:31.944+03:30 DEBUG 13908 --- [anformatic] [main] o.s.w.s.handler.SimpleUrlHandlerMapping  : Patterns [/webjars/**, /**] in 'resourceHandlerMapping'
2024-03-17T10:33:31.973+03:30  INFO 13908 --- [anformatic] [main] o.s.s.web.DefaultSecurityFilterChain     : Will secure any request with [org.springframework.security.web.session.DisableEncodeUrlFilter@5cbaafbd, org.springframework.security.web.context.request.async.WebAsyncManagerIntegrationFilter@4f0f56f5, org.springframework.security.web.context.SecurityContextHolderFilter@6c3627c, org.springframework.security.web.header.HeaderWriterFilter@654dbb78, org.springframework.web.filter.CorsFilter@6edb093f, org.springframework.security.web.authentication.logout.LogoutFilter@738ae785, org.springframework.security.web.authentication.UsernamePasswordAuthenticationFilter@eb66b47, org.springframework.security.web.authentication.ui.DefaultLoginPageGeneratingFilter@6b7ebac1, org.springframework.security.web.authentication.ui.DefaultLogoutPageGeneratingFilter@7f5c4ff8, org.springframework.security.web.savedrequest.RequestCacheAwareFilter@4010f232, org.springframework.security.web.servletapi.SecurityContextHolderAwareRequestFilter@24be6e34, org.springframework.security.web.authentication.AnonymousAuthenticationFilter@7692c0e9, org.springframework.security.web.access.ExceptionTranslationFilter@20f3291d, org.springframework.security.web.access.intercept.AuthorizationFilter@c0cb9c2]
2024-03-17T10:33:32.021+03:30 DEBUG 13908 --- [anformatic] [main] s.w.s.m.m.a.RequestMappingHandlerAdapter : ControllerAdvice beans: 0 @ModelAttribute, 0 @InitBinder, 1 RequestBodyAdvice, 1 ResponseBodyAdvice
2024-03-17T10:33:32.042+03:30 DEBUG 13908 --- [anformatic] [main] .m.m.a.ExceptionHandlerExceptionResolver : ControllerAdvice beans: 0 @ExceptionHandler, 1 ResponseBodyAdvice
2024-03-17T10:33:32.163+03:30  INFO 13908 --- [anformatic] [main] o.s.b.w.embedded.tomcat.TomcatWebServer  : Tomcat started on port 8080 (http) with context path ''
2024-03-17T10:33:32.169+03:30  INFO 13908 --- [anformatic] [main] a.anformatic.AnformaticApplication       : Started AnformaticApplication in 2.696 seconds (process running for 3.113)
2024-03-17T10:33:32.170+03:30  INFO 13908 --- [anformatic] [main] a.anformatic.AnformaticApplication       : AnformaticApplication is successfully Run.
2024-03-17T10:33:34.550+03:30  INFO 13908 --- [anformatic] [http-nio-8080-exec-2] o.a.c.c.C.[Tomcat].[localhost].[/]       : Initializing Spring DispatcherServlet 'dispatcherServlet'
2024-03-17T10:33:34.550+03:30  INFO 13908 --- [anformatic] [http-nio-8080-exec-2] o.s.web.servlet.DispatcherServlet        : Initializing Servlet 'dispatcherServlet'
2024-03-17T10:33:34.551+03:30 DEBUG 13908 --- [anformatic] [http-nio-8080-exec-2] o.s.web.servlet.DispatcherServlet        : Detected StandardServletMultipartResolver
2024-03-17T10:33:34.551+03:30 DEBUG 13908 --- [anformatic] [http-nio-8080-exec-2] o.s.web.servlet.DispatcherServlet        : Detected AcceptHeaderLocaleResolver
2024-03-17T10:33:34.551+03:30 DEBUG 13908 --- [anformatic] [http-nio-8080-exec-2] o.s.web.servlet.DispatcherServlet        : Detected FixedThemeResolver
2024-03-17T10:33:34.552+03:30 DEBUG 13908 --- [anformatic] [http-nio-8080-exec-2] o.s.web.servlet.DispatcherServlet        : Detected org.springframework.web.servlet.view.DefaultRequestToViewNameTranslator@98a0842
2024-03-17T10:33:34.552+03:30 DEBUG 13908 --- [anformatic] [http-nio-8080-exec-2] o.s.web.servlet.DispatcherServlet        : Detected org.springframework.web.servlet.support.SessionFlashMapManager@6821d4e1
2024-03-17T10:33:34.552+03:30 DEBUG 13908 --- [anformatic] [http-nio-8080-exec-2] o.s.web.servlet.DispatcherServlet        : enableLoggingRequestDetails='false': request parameters and headers will be masked to prevent unsafe logging of potentially sensitive data
2024-03-17T10:33:34.552+03:30  INFO 13908 --- [anformatic] [http-nio-8080-exec-2] o.s.web.servlet.DispatcherServlet        : Completed initialization in 1 ms
2024-03-17T10:33:35.820+03:30 DEBUG 13908 --- [anformatic] [http-nio-8080-exec-7] o.s.web.servlet.DispatcherServlet        : GET "/student/welcome", parameters={}
2024-03-17T10:33:35.821+03:30 DEBUG 13908 --- [anformatic] [http-nio-8080-exec-7] s.w.s.m.m.a.RequestMappingHandlerMapping : Mapped to aSpringBootProject.anformatic.controller.StudentController#index()
2024-03-17T10:33:35.832+03:30 DEBUG 13908 --- [anformatic] [http-nio-8080-exec-7] m.m.a.RequestResponseBodyMethodProcessor : Using 'text/html', given [text/html, application/xhtml+xml, image/avif, image/webp, application/xml;q=0.9, */*;q=0.8] and supported [text/plain, */*, application/json, application/*+json]
2024-03-17T10:33:35.832+03:30 DEBUG 13908 --- [anformatic] [http-nio-8080-exec-7] m.m.a.RequestResponseBodyMethodProcessor : Writing ["welcome to my pages"]
2024-03-17T10:33:35.835+03:30 DEBUG 13908 --- [anformatic] [http-nio-8080-exec-7] o.s.web.servlet.DispatcherServlet        : Completed 200 OK
2024-03-17T10:34:03.075+03:30 DEBUG 13908 --- [anformatic] [http-nio-8080-exec-9] o.s.web.servlet.DispatcherServlet        : GET "/course", parameters={}
2024-03-17T10:34:03.076+03:30 DEBUG 13908 --- [anformatic] [http-nio-8080-exec-9] o.s.w.s.handler.SimpleUrlHandlerMapping  : Mapped to ResourceHttpRequestHandler [classpath [META-INF/resources/], classpath [resources/], classpath [static/], classpath [public/], ServletContext [/]]
2024-03-17T10:34:03.077+03:30 DEBUG 13908 --- [anformatic] [http-nio-8080-exec-9] o.s.w.s.r.ResourceHttpRequestHandler     : Resource not found
2024-03-17T10:34:03.078+03:30 DEBUG 13908 --- [anformatic] [http-nio-8080-exec-9] .w.s.m.s.DefaultHandlerExceptionResolver : Resolved [org.springframework.web.servlet.resource.NoResourceFoundException: No static resource course.]
2024-03-17T10:34:03.078+03:30 DEBUG 13908 --- [anformatic] [http-nio-8080-exec-9] o.s.web.servlet.DispatcherServlet        : Completed 404 NOT_FOUND
2024-03-17T10:34:03.083+03:30 DEBUG 13908 --- [anformatic] [http-nio-8080-exec-9] o.s.web.servlet.DispatcherServlet        : "ERROR" dispatch for GET "/error", parameters={}
2024-03-17T10:34:03.083+03:30 DEBUG 13908 --- [anformatic] [http-nio-8080-exec-9] s.w.s.m.m.a.RequestMappingHandlerMapping : Mapped to org.springframework.boot.autoconfigure.web.servlet.error.BasicErrorController#errorHtml(HttpServletRequest, HttpServletResponse)
2024-03-17T10:34:03.092+03:30 DEBUG 13908 --- [anformatic] [http-nio-8080-exec-9] o.s.w.s.v.ContentNegotiatingViewResolver : Selected 'text/html' given [text/html, text/html;q=0.8]
2024-03-17T10:34:03.094+03:30 DEBUG 13908 --- [anformatic] [http-nio-8080-exec-9] o.s.web.servlet.DispatcherServlet        : Exiting from "ERROR" dispatch, status 404
2024-03-17T10:34:08.625+03:30 DEBUG 13908 --- [anformatic] [http-nio-8080-exec-5] o.s.web.servlet.DispatcherServlet        : GET "/courses", parameters={}
2024-03-17T10:34:08.626+03:30  WARN 13908 --- [anformatic] [http-nio-8080-exec-5] .w.s.m.s.DefaultHandlerExceptionResolver : Resolved [org.springframework.web.HttpRequestMethodNotSupportedException: Request method 'GET' is not supported]
2024-03-17T10:34:08.626+03:30 DEBUG 13908 --- [anformatic] [http-nio-8080-exec-5] o.s.web.servlet.DispatcherServlet        : Completed 405 METHOD_NOT_ALLOWED
2024-03-17T10:34:08.626+03:30 DEBUG 13908 --- [anformatic] [http-nio-8080-exec-5] o.s.web.servlet.DispatcherServlet        : "ERROR" dispatch for GET "/error", parameters={}
2024-03-17T10:34:08.627+03:30 DEBUG 13908 --- [anformatic] [http-nio-8080-exec-5] s.w.s.m.m.a.RequestMappingHandlerMapping : Mapped to org.springframework.boot.autoconfigure.web.servlet.error.BasicErrorController#errorHtml(HttpServletRequest, HttpServletResponse)
2024-03-17T10:34:08.629+03:30 DEBUG 13908 --- [anformatic] [http-nio-8080-exec-5] o.s.w.s.v.ContentNegotiatingViewResolver : Selected 'text/html' given [text/html, text/html;q=0.8]
2024-03-17T10:34:08.629+03:30 DEBUG 13908 --- [anformatic] [http-nio-8080-exec-5] o.s.web.servlet.DispatcherServlet        : Exiting from "ERROR" dispatch, status 405
2024-03-17T10:34:28.602+03:30  INFO 13908 --- [anformatic] [SpringApplicationShutdownHook] j.LocalContainerEntityManagerFactoryBean : Closing JPA EntityManagerFactory for persistence unit 'default'
2024-03-17T10:34:28.608+03:30 ERROR 13908 --- [anformatic] [SpringApplicationShutdownHook] .SchemaDropperImpl$DelayedDropActionImpl : HHH000478: Unsuccessful: drop table if exists user cascade 
2024-03-17T10:34:28.609+03:30  INFO 13908 --- [anformatic] [SpringApplicationShutdownHook] com.zaxxer.hikari.HikariDataSource       : HikariPool-1 - Shutdown initiated...
2024-03-17T10:34:28.611+03:30  INFO 13908 --- [anformatic] [SpringApplicationShutdownHook] com.zaxxer.hikari.HikariDataSource       : HikariPool-1 - Shutdown completed.
2024-03-17T10:34:31.427+03:30  INFO 11188 --- [anformatic] [main] a.anformatic.AnformaticApplication       : Starting AnformaticApplication using Java 17.0.4 with PID 11188 (C:\Users\ASUS\Downloads\anformatic\anformatic\target\classes started by ASUS in C:\Users\ASUS\Downloads\anformatic\anformatic)
2024-03-17T10:34:31.429+03:30  INFO 11188 --- [anformatic] [main] a.anformatic.AnformaticApplication       : No active profile set, falling back to 1 default profile: "default"
2024-03-17T10:34:31.879+03:30  INFO 11188 --- [anformatic] [main] .s.d.r.c.RepositoryConfigurationDelegate : Bootstrapping Spring Data JPA repositories in DEFAULT mode.
2024-03-17T10:34:31.913+03:30  INFO 11188 --- [anformatic] [main] .s.d.r.c.RepositoryConfigurationDelegate : Finished Spring Data repository scanning in 30 ms. Found 4 JPA repository interfaces.
2024-03-17T10:34:32.248+03:30  INFO 11188 --- [anformatic] [main] o.s.b.w.embedded.tomcat.TomcatWebServer  : Tomcat initialized with port 8080 (http)
2024-03-17T10:34:32.253+03:30  INFO 11188 --- [anformatic] [main] o.apache.catalina.core.StandardService   : Starting service [Tomcat]
2024-03-17T10:34:32.253+03:30  INFO 11188 --- [anformatic] [main] o.apache.catalina.core.StandardEngine    : Starting Servlet engine: [Apache Tomcat/10.1.19]
2024-03-17T10:34:32.287+03:30  INFO 11188 --- [anformatic] [main] o.a.c.c.C.[Tomcat].[localhost].[/]       : Initializing Spring embedded WebApplicationContext
2024-03-17T10:34:32.288+03:30  INFO 11188 --- [anformatic] [main] w.s.c.ServletWebServerApplicationContext : Root WebApplicationContext: initialization completed in 826 ms
2024-03-17T10:34:32.309+03:30  INFO 11188 --- [anformatic] [main] com.zaxxer.hikari.HikariDataSource       : HikariPool-1 - Starting...
2024-03-17T10:34:32.397+03:30  INFO 11188 --- [anformatic] [main] com.zaxxer.hikari.pool.HikariPool        : HikariPool-1 - Added connection conn0: url=jdbc:h2:mem:university user=SA
2024-03-17T10:34:32.399+03:30  INFO 11188 --- [anformatic] [main] com.zaxxer.hikari.HikariDataSource       : HikariPool-1 - Start completed.
2024-03-17T10:34:32.406+03:30  INFO 11188 --- [anformatic] [main] o.s.b.a.h2.H2ConsoleAutoConfiguration    : H2 console available at '/h2-console'. Database available at 'jdbc:h2:mem:university'
2024-03-17T10:34:32.663+03:30  INFO 11188 --- [anformatic] [main] o.s.o.j.p.SpringPersistenceUnitInfo      : No LoadTimeWeaver setup: ignoring JPA class transformer
2024-03-17T10:34:33.337+03:30  INFO 11188 --- [anformatic] [main] j.LocalContainerEntityManagerFactoryBean : Initialized JPA EntityManagerFactory for persistence unit 'default'
2024-03-17T10:34:33.537+03:30  WARN 11188 --- [anformatic] [main] JpaBaseConfiguration$JpaWebConfiguration : spring.jpa.open-in-view is enabled by default. Therefore, database queries may be performed during view rendering. Explicitly configure spring.jpa.open-in-view to disable this warning
2024-03-17T10:34:33.634+03:30 DEBUG 11188 --- [anformatic] [main] s.w.s.m.m.a.RequestMappingHandlerMapping : 10 mappings in 'requestMappingHandlerMapping'
2024-03-17T10:34:33.691+03:30 DEBUG 11188 --- [anformatic] [main] o.s.w.s.handler.SimpleUrlHandlerMapping  : Patterns [/webjars/**, /**] in 'resourceHandlerMapping'
2024-03-17T10:34:33.730+03:30  INFO 11188 --- [anformatic] [main] o.s.s.web.DefaultSecurityFilterChain     : Will secure any request with [org.springframework.security.web.session.DisableEncodeUrlFilter@1d9cac6e, org.springframework.security.web.context.request.async.WebAsyncManagerIntegrationFilter@5f510929, org.springframework.security.web.context.SecurityContextHolderFilter@1b897ffb, org.springframework.security.web.header.HeaderWriterFilter@4b6fc231, org.springframework.web.filter.CorsFilter@55a2ca5e, org.springframework.security.web.authentication.logout.LogoutFilter@23a78d2e, org.springframework.security.web.authentication.UsernamePasswordAuthenticationFilter@431f8830, org.springframework.security.web.authentication.ui.DefaultLoginPageGeneratingFilter@663cc8c9, org.springframework.security.web.authentication.ui.DefaultLogoutPageGeneratingFilter@6abca7a6, org.springframework.security.web.savedrequest.RequestCacheAwareFilter@3074575a, org.springframework.security.web.servletapi.SecurityContextHolderAwareRequestFilter@7e4bbda4, org.springframework.security.web.authentication.AnonymousAuthenticationFilter@12bb8943, org.springframework.security.web.access.ExceptionTranslationFilter@5b312863, org.springframework.security.web.access.intercept.AuthorizationFilter@7692c0e9]
2024-03-17T10:34:33.794+03:30 DEBUG 11188 --- [anformatic] [main] s.w.s.m.m.a.RequestMappingHandlerAdapter : ControllerAdvice beans: 0 @ModelAttribute, 0 @InitBinder, 1 RequestBodyAdvice, 1 ResponseBodyAdvice
2024-03-17T10:34:33.823+03:30 DEBUG 11188 --- [anformatic] [main] .m.m.a.ExceptionHandlerExceptionResolver : ControllerAdvice beans: 0 @ExceptionHandler, 1 ResponseBodyAdvice
2024-03-17T10:34:33.998+03:30  INFO 11188 --- [anformatic] [main] o.s.b.w.embedded.tomcat.TomcatWebServer  : Tomcat started on port 8080 (http) with context path ''
2024-03-17T10:34:34.007+03:30  INFO 11188 --- [anformatic] [main] a.anformatic.AnformaticApplication       : Started AnformaticApplication in 2.853 seconds (process running for 3.19)
2024-03-17T10:34:34.010+03:30  INFO 11188 --- [anformatic] [main] a.anformatic.AnformaticApplication       : AnformaticApplication is successfully Run.
2024-03-17T10:34:37.672+03:30  INFO 11188 --- [anformatic] [http-nio-8080-exec-1] o.a.c.c.C.[Tomcat].[localhost].[/]       : Initializing Spring DispatcherServlet 'dispatcherServlet'
2024-03-17T10:34:37.672+03:30  INFO 11188 --- [anformatic] [http-nio-8080-exec-1] o.s.web.servlet.DispatcherServlet        : Initializing Servlet 'dispatcherServlet'
2024-03-17T10:34:37.673+03:30 DEBUG 11188 --- [anformatic] [http-nio-8080-exec-1] o.s.web.servlet.DispatcherServlet        : Detected StandardServletMultipartResolver
2024-03-17T10:34:37.673+03:30 DEBUG 11188 --- [anformatic] [http-nio-8080-exec-1] o.s.web.servlet.DispatcherServlet        : Detected AcceptHeaderLocaleResolver
2024-03-17T10:34:37.673+03:30 DEBUG 11188 --- [anformatic] [http-nio-8080-exec-1] o.s.web.servlet.DispatcherServlet        : Detected FixedThemeResolver
2024-03-17T10:34:37.674+03:30 DEBUG 11188 --- [anformatic] [http-nio-8080-exec-1] o.s.web.servlet.DispatcherServlet        : Detected org.springframework.web.servlet.view.DefaultRequestToViewNameTranslator@60ae950f
2024-03-17T10:34:37.674+03:30 DEBUG 11188 --- [anformatic] [http-nio-8080-exec-1] o.s.web.servlet.DispatcherServlet        : Detected org.springframework.web.servlet.support.SessionFlashMapManager@21262bde
2024-03-17T10:34:37.675+03:30 DEBUG 11188 --- [anformatic] [http-nio-8080-exec-1] o.s.web.servlet.DispatcherServlet        : enableLoggingRequestDetails='false': request parameters and headers will be masked to prevent unsafe logging of potentially sensitive data
2024-03-17T10:34:37.675+03:30  INFO 11188 --- [anformatic] [http-nio-8080-exec-1] o.s.web.servlet.DispatcherServlet        : Completed initialization in 2 ms
2024-03-17T10:34:39.156+03:30 DEBUG 11188 --- [anformatic] [http-nio-8080-exec-4] o.s.web.servlet.DispatcherServlet        : GET "/student/welcome", parameters={}
2024-03-17T10:34:39.156+03:30 DEBUG 11188 --- [anformatic] [http-nio-8080-exec-4] s.w.s.m.m.a.RequestMappingHandlerMapping : Mapped to aSpringBootProject.anformatic.controller.StudentController#index()
2024-03-17T10:34:39.172+03:30 DEBUG 11188 --- [anformatic] [http-nio-8080-exec-4] m.m.a.RequestResponseBodyMethodProcessor : Using 'text/html', given [text/html, application/xhtml+xml, image/avif, image/webp, application/xml;q=0.9, */*;q=0.8] and supported [text/plain, */*, application/json, application/*+json]
2024-03-17T10:34:39.172+03:30 DEBUG 11188 --- [anformatic] [http-nio-8080-exec-4] m.m.a.RequestResponseBodyMethodProcessor : Writing ["welcome to my pages"]
2024-03-17T10:34:39.172+03:30 DEBUG 11188 --- [anformatic] [http-nio-8080-exec-4] o.s.web.servlet.DispatcherServlet        : Completed 200 OK
2024-03-17T10:34:47.688+03:30 DEBUG 11188 --- [anformatic] [http-nio-8080-exec-5] o.s.web.servlet.DispatcherServlet        : GET "/courses", parameters={}
2024-03-17T10:34:47.688+03:30  WARN 11188 --- [anformatic] [http-nio-8080-exec-5] .w.s.m.s.DefaultHandlerExceptionResolver : Resolved [org.springframework.web.HttpRequestMethodNotSupportedException: Request method 'GET' is not supported]
2024-03-17T10:34:47.688+03:30 DEBUG 11188 --- [anformatic] [http-nio-8080-exec-5] o.s.web.servlet.DispatcherServlet        : Completed 405 METHOD_NOT_ALLOWED
2024-03-17T10:34:47.688+03:30 DEBUG 11188 --- [anformatic] [http-nio-8080-exec-5] o.s.web.servlet.DispatcherServlet        : "ERROR" dispatch for GET "/error", parameters={}
2024-03-17T10:34:47.688+03:30 DEBUG 11188 --- [anformatic] [http-nio-8080-exec-5] s.w.s.m.m.a.RequestMappingHandlerMapping : Mapped to org.springframework.boot.autoconfigure.web.servlet.error.BasicErrorController#errorHtml(HttpServletRequest, HttpServletResponse)
2024-03-17T10:34:47.703+03:30 DEBUG 11188 --- [anformatic] [http-nio-8080-exec-5] o.s.w.s.v.ContentNegotiatingViewResolver : Selected 'text/html' given [text/html, text/html;q=0.8]
2024-03-17T10:34:47.703+03:30 DEBUG 11188 --- [anformatic] [http-nio-8080-exec-5] o.s.web.servlet.DispatcherServlet        : Exiting from "ERROR" dispatch, status 405
2024-03-17T10:36:31.973+03:30  INFO 11188 --- [anformatic] [SpringApplicationShutdownHook] j.LocalContainerEntityManagerFactoryBean : Closing JPA EntityManagerFactory for persistence unit 'default'
2024-03-17T10:36:31.977+03:30 ERROR 11188 --- [anformatic] [SpringApplicationShutdownHook] .SchemaDropperImpl$DelayedDropActionImpl : HHH000478: Unsuccessful: drop table if exists user cascade 
2024-03-17T10:36:31.980+03:30  INFO 11188 --- [anformatic] [SpringApplicationShutdownHook] com.zaxxer.hikari.HikariDataSource       : HikariPool-1 - Shutdown initiated...
2024-03-17T10:36:31.982+03:30  INFO 11188 --- [anformatic] [SpringApplicationShutdownHook] com.zaxxer.hikari.HikariDataSource       : HikariPool-1 - Shutdown completed.
2024-03-17T10:36:34.980+03:30  INFO 8668 --- [anformatic] [main] a.anformatic.AnformaticApplication       : Starting AnformaticApplication using Java 17.0.4 with PID 8668 (C:\Users\ASUS\Downloads\anformatic\anformatic\target\classes started by ASUS in C:\Users\ASUS\Downloads\anformatic\anformatic)
2024-03-17T10:36:34.982+03:30  INFO 8668 --- [anformatic] [main] a.anformatic.AnformaticApplication       : No active profile set, falling back to 1 default profile: "default"
2024-03-17T10:36:35.408+03:30  INFO 8668 --- [anformatic] [main] .s.d.r.c.RepositoryConfigurationDelegate : Bootstrapping Spring Data JPA repositories in DEFAULT mode.
2024-03-17T10:36:35.440+03:30  INFO 8668 --- [anformatic] [main] .s.d.r.c.RepositoryConfigurationDelegate : Finished Spring Data repository scanning in 27 ms. Found 4 JPA repository interfaces.
2024-03-17T10:36:35.761+03:30  INFO 8668 --- [anformatic] [main] o.s.b.w.embedded.tomcat.TomcatWebServer  : Tomcat initialized with port 8080 (http)
2024-03-17T10:36:35.766+03:30  INFO 8668 --- [anformatic] [main] o.apache.catalina.core.StandardService   : Starting service [Tomcat]
2024-03-17T10:36:35.767+03:30  INFO 8668 --- [anformatic] [main] o.apache.catalina.core.StandardEngine    : Starting Servlet engine: [Apache Tomcat/10.1.19]
2024-03-17T10:36:35.800+03:30  INFO 8668 --- [anformatic] [main] o.a.c.c.C.[Tomcat].[localhost].[/]       : Initializing Spring embedded WebApplicationContext
2024-03-17T10:36:35.800+03:30  INFO 8668 --- [anformatic] [main] w.s.c.ServletWebServerApplicationContext : Root WebApplicationContext: initialization completed in 790 ms
2024-03-17T10:36:35.820+03:30  INFO 8668 --- [anformatic] [main] com.zaxxer.hikari.HikariDataSource       : HikariPool-1 - Starting...
2024-03-17T10:36:35.901+03:30  INFO 8668 --- [anformatic] [main] com.zaxxer.hikari.pool.HikariPool        : HikariPool-1 - Added connection conn0: url=jdbc:h2:mem:university user=SA
2024-03-17T10:36:35.902+03:30  INFO 8668 --- [anformatic] [main] com.zaxxer.hikari.HikariDataSource       : HikariPool-1 - Start completed.
2024-03-17T10:36:35.908+03:30  INFO 8668 --- [anformatic] [main] o.s.b.a.h2.H2ConsoleAutoConfiguration    : H2 console available at '/h2-console'. Database available at 'jdbc:h2:mem:university'
2024-03-17T10:36:36.162+03:30  INFO 8668 --- [anformatic] [main] o.s.o.j.p.SpringPersistenceUnitInfo      : No LoadTimeWeaver setup: ignoring JPA class transformer
2024-03-17T10:36:36.833+03:30  INFO 8668 --- [anformatic] [main] j.LocalContainerEntityManagerFactoryBean : Initialized JPA EntityManagerFactory for persistence unit 'default'
2024-03-17T10:36:37.036+03:30  WARN 8668 --- [anformatic] [main] JpaBaseConfiguration$JpaWebConfiguration : spring.jpa.open-in-view is enabled by default. Therefore, database queries may be performed during view rendering. Explicitly configure spring.jpa.open-in-view to disable this warning
2024-03-17T10:36:37.139+03:30 DEBUG 8668 --- [anformatic] [main] s.w.s.m.m.a.RequestMappingHandlerMapping : 10 mappings in 'requestMappingHandlerMapping'
2024-03-17T10:36:37.196+03:30 DEBUG 8668 --- [anformatic] [main] o.s.w.s.handler.SimpleUrlHandlerMapping  : Patterns [/webjars/**, /**] in 'resourceHandlerMapping'
2024-03-17T10:36:37.229+03:30  INFO 8668 --- [anformatic] [main] o.s.s.web.DefaultSecurityFilterChain     : Will secure any request with [org.springframework.security.web.session.DisableEncodeUrlFilter@1d9cac6e, org.springframework.security.web.context.request.async.WebAsyncManagerIntegrationFilter@5f510929, org.springframework.security.web.context.SecurityContextHolderFilter@1b897ffb, org.springframework.security.web.header.HeaderWriterFilter@4b6fc231, org.springframework.web.filter.CorsFilter@55a2ca5e, org.springframework.security.web.authentication.logout.LogoutFilter@23a78d2e, org.springframework.security.web.authentication.UsernamePasswordAuthenticationFilter@431f8830, org.springframework.security.web.authentication.ui.DefaultLoginPageGeneratingFilter@663cc8c9, org.springframework.security.web.authentication.ui.DefaultLogoutPageGeneratingFilter@6abca7a6, org.springframework.security.web.savedrequest.RequestCacheAwareFilter@3074575a, org.springframework.security.web.servletapi.SecurityContextHolderAwareRequestFilter@7e4bbda4, org.springframework.security.web.authentication.AnonymousAuthenticationFilter@12bb8943, org.springframework.security.web.access.ExceptionTranslationFilter@5b312863, org.springframework.security.web.access.intercept.AuthorizationFilter@7692c0e9]
2024-03-17T10:36:37.288+03:30 DEBUG 8668 --- [anformatic] [main] s.w.s.m.m.a.RequestMappingHandlerAdapter : ControllerAdvice beans: 0 @ModelAttribute, 0 @InitBinder, 1 RequestBodyAdvice, 1 ResponseBodyAdvice
2024-03-17T10:36:37.308+03:30 DEBUG 8668 --- [anformatic] [main] .m.m.a.ExceptionHandlerExceptionResolver : ControllerAdvice beans: 0 @ExceptionHandler, 1 ResponseBodyAdvice
2024-03-17T10:36:37.443+03:30  INFO 8668 --- [anformatic] [main] o.s.b.w.embedded.tomcat.TomcatWebServer  : Tomcat started on port 8080 (http) with context path ''
2024-03-17T10:36:37.450+03:30  INFO 8668 --- [anformatic] [main] a.anformatic.AnformaticApplication       : Started AnformaticApplication in 2.743 seconds (process running for 3.07)
2024-03-17T10:36:37.452+03:30  INFO 8668 --- [anformatic] [main] a.anformatic.AnformaticApplication       : AnformaticApplication is successfully Run.
2024-03-17T10:36:42.363+03:30  INFO 8668 --- [anformatic] [http-nio-8080-exec-1] o.a.c.c.C.[Tomcat].[localhost].[/]       : Initializing Spring DispatcherServlet 'dispatcherServlet'
2024-03-17T10:36:42.363+03:30  INFO 8668 --- [anformatic] [http-nio-8080-exec-1] o.s.web.servlet.DispatcherServlet        : Initializing Servlet 'dispatcherServlet'
2024-03-17T10:36:42.364+03:30 DEBUG 8668 --- [anformatic] [http-nio-8080-exec-1] o.s.web.servlet.DispatcherServlet        : Detected StandardServletMultipartResolver
2024-03-17T10:36:42.364+03:30 DEBUG 8668 --- [anformatic] [http-nio-8080-exec-1] o.s.web.servlet.DispatcherServlet        : Detected AcceptHeaderLocaleResolver
2024-03-17T10:36:42.364+03:30 DEBUG 8668 --- [anformatic] [http-nio-8080-exec-1] o.s.web.servlet.DispatcherServlet        : Detected FixedThemeResolver
2024-03-17T10:36:42.365+03:30 DEBUG 8668 --- [anformatic] [http-nio-8080-exec-1] o.s.web.servlet.DispatcherServlet        : Detected org.springframework.web.servlet.view.DefaultRequestToViewNameTranslator@60ae950f
2024-03-17T10:36:42.365+03:30 DEBUG 8668 --- [anformatic] [http-nio-8080-exec-1] o.s.web.servlet.DispatcherServlet        : Detected org.springframework.web.servlet.support.SessionFlashMapManager@21262bde
2024-03-17T10:36:42.365+03:30 DEBUG 8668 --- [anformatic] [http-nio-8080-exec-1] o.s.web.servlet.DispatcherServlet        : enableLoggingRequestDetails='false': request parameters and headers will be masked to prevent unsafe logging of potentially sensitive data
2024-03-17T10:36:42.366+03:30  INFO 8668 --- [anformatic] [http-nio-8080-exec-1] o.s.web.servlet.DispatcherServlet        : Completed initialization in 3 ms
2024-03-17T10:36:43.696+03:30 DEBUG 8668 --- [anformatic] [http-nio-8080-exec-6] o.s.web.servlet.DispatcherServlet        : GET "/student/welcome", parameters={}
2024-03-17T10:36:43.696+03:30 DEBUG 8668 --- [anformatic] [http-nio-8080-exec-6] s.w.s.m.m.a.RequestMappingHandlerMapping : Mapped to aSpringBootProject.anformatic.controller.StudentController#index()
2024-03-17T10:36:43.709+03:30 DEBUG 8668 --- [anformatic] [http-nio-8080-exec-6] m.m.a.RequestResponseBodyMethodProcessor : Using 'text/html', given [text/html, application/xhtml+xml, image/avif, image/webp, application/xml;q=0.9, */*;q=0.8] and supported [text/plain, */*, application/json, application/*+json]
2024-03-17T10:36:43.709+03:30 DEBUG 8668 --- [anformatic] [http-nio-8080-exec-6] m.m.a.RequestResponseBodyMethodProcessor : Writing ["welcome to my pages"]
2024-03-17T10:36:43.712+03:30 DEBUG 8668 --- [anformatic] [http-nio-8080-exec-6] o.s.web.servlet.DispatcherServlet        : Completed 200 OK
2024-03-17T10:36:51.277+03:30 DEBUG 8668 --- [anformatic] [http-nio-8080-exec-7] o.s.web.servlet.DispatcherServlet        : GET "/courses", parameters={}
2024-03-17T10:36:51.293+03:30  WARN 8668 --- [anformatic] [http-nio-8080-exec-7] .w.s.m.s.DefaultHandlerExceptionResolver : Resolved [org.springframework.web.HttpRequestMethodNotSupportedException: Request method 'GET' is not supported]
2024-03-17T10:36:51.293+03:30 DEBUG 8668 --- [anformatic] [http-nio-8080-exec-7] o.s.web.servlet.DispatcherServlet        : Completed 405 METHOD_NOT_ALLOWED
2024-03-17T10:36:51.293+03:30 DEBUG 8668 --- [anformatic] [http-nio-8080-exec-7] o.s.web.servlet.DispatcherServlet        : "ERROR" dispatch for GET "/error", parameters={}
2024-03-17T10:36:51.293+03:30 DEBUG 8668 --- [anformatic] [http-nio-8080-exec-7] s.w.s.m.m.a.RequestMappingHandlerMapping : Mapped to org.springframework.boot.autoconfigure.web.servlet.error.BasicErrorController#errorHtml(HttpServletRequest, HttpServletResponse)
2024-03-17T10:36:51.293+03:30 DEBUG 8668 --- [anformatic] [http-nio-8080-exec-7] o.s.w.s.v.ContentNegotiatingViewResolver : Selected 'text/html' given [text/html, text/html;q=0.8]
2024-03-17T10:36:51.308+03:30 DEBUG 8668 --- [anformatic] [http-nio-8080-exec-7] o.s.web.servlet.DispatcherServlet        : Exiting from "ERROR" dispatch, status 405
2024-03-17T10:37:15.702+03:30 DEBUG 8668 --- [anformatic] [http-nio-8080-exec-3] o.s.web.servlet.DispatcherServlet        : GET "/courses/", parameters={}
2024-03-17T10:37:15.703+03:30 DEBUG 8668 --- [anformatic] [http-nio-8080-exec-3] o.s.w.s.handler.SimpleUrlHandlerMapping  : Mapped to ResourceHttpRequestHandler [classpath [META-INF/resources/], classpath [resources/], classpath [static/], classpath [public/], ServletContext [/]]
2024-03-17T10:37:15.705+03:30 DEBUG 8668 --- [anformatic] [http-nio-8080-exec-3] o.s.w.s.r.ResourceHttpRequestHandler     : Resource not found
2024-03-17T10:37:15.705+03:30 DEBUG 8668 --- [anformatic] [http-nio-8080-exec-3] .w.s.m.s.DefaultHandlerExceptionResolver : Resolved [org.springframework.web.servlet.resource.NoResourceFoundException: No static resource courses.]
2024-03-17T10:37:15.705+03:30 DEBUG 8668 --- [anformatic] [http-nio-8080-exec-3] o.s.web.servlet.DispatcherServlet        : Completed 404 NOT_FOUND
2024-03-17T10:37:15.706+03:30 DEBUG 8668 --- [anformatic] [http-nio-8080-exec-3] o.s.web.servlet.DispatcherServlet        : "ERROR" dispatch for GET "/error", parameters={}
2024-03-17T10:37:15.706+03:30 DEBUG 8668 --- [anformatic] [http-nio-8080-exec-3] s.w.s.m.m.a.RequestMappingHandlerMapping : Mapped to org.springframework.boot.autoconfigure.web.servlet.error.BasicErrorController#errorHtml(HttpServletRequest, HttpServletResponse)
2024-03-17T10:37:15.709+03:30 DEBUG 8668 --- [anformatic] [http-nio-8080-exec-3] o.s.w.s.v.ContentNegotiatingViewResolver : Selected 'text/html' given [text/html, text/html;q=0.8]
2024-03-17T10:37:15.709+03:30 DEBUG 8668 --- [anformatic] [http-nio-8080-exec-3] o.s.web.servlet.DispatcherServlet        : Exiting from "ERROR" dispatch, status 404
2024-03-17T10:51:28.048+03:30  INFO 8668 --- [anformatic] [SpringApplicationShutdownHook] j.LocalContainerEntityManagerFactoryBean : Closing JPA EntityManagerFactory for persistence unit 'default'
2024-03-17T10:51:28.052+03:30 ERROR 8668 --- [anformatic] [SpringApplicationShutdownHook] .SchemaDropperImpl$DelayedDropActionImpl : HHH000478: Unsuccessful: drop table if exists user cascade 
2024-03-17T10:51:28.054+03:30  INFO 8668 --- [anformatic] [SpringApplicationShutdownHook] com.zaxxer.hikari.HikariDataSource       : HikariPool-1 - Shutdown initiated...
2024-03-17T10:51:28.057+03:30  INFO 8668 --- [anformatic] [SpringApplicationShutdownHook] com.zaxxer.hikari.HikariDataSource       : HikariPool-1 - Shutdown completed.
2024-03-17T10:51:31.960+03:30  INFO 13060 --- [anformatic] [main] a.anformatic.AnformaticApplication       : Starting AnformaticApplication using Java 17.0.4 with PID 13060 (C:\Users\ASUS\Downloads\anformatic\anformatic\target\classes started by ASUS in C:\Users\ASUS\Downloads\anformatic\anformatic)
2024-03-17T10:51:31.961+03:30  INFO 13060 --- [anformatic] [main] a.anformatic.AnformaticApplication       : No active profile set, falling back to 1 default profile: "default"
2024-03-17T10:51:32.400+03:30  INFO 13060 --- [anformatic] [main] .s.d.r.c.RepositoryConfigurationDelegate : Bootstrapping Spring Data JPA repositories in DEFAULT mode.
2024-03-17T10:51:32.436+03:30  INFO 13060 --- [anformatic] [main] .s.d.r.c.RepositoryConfigurationDelegate : Finished Spring Data repository scanning in 32 ms. Found 4 JPA repository interfaces.
2024-03-17T10:51:32.758+03:30  INFO 13060 --- [anformatic] [main] o.s.b.w.embedded.tomcat.TomcatWebServer  : Tomcat initialized with port 8080 (http)
2024-03-17T10:51:32.763+03:30  INFO 13060 --- [anformatic] [main] o.apache.catalina.core.StandardService   : Starting service [Tomcat]
2024-03-17T10:51:32.764+03:30  INFO 13060 --- [anformatic] [main] o.apache.catalina.core.StandardEngine    : Starting Servlet engine: [Apache Tomcat/10.1.19]
2024-03-17T10:51:32.797+03:30  INFO 13060 --- [anformatic] [main] o.a.c.c.C.[Tomcat].[localhost].[/]       : Initializing Spring embedded WebApplicationContext
2024-03-17T10:51:32.797+03:30  INFO 13060 --- [anformatic] [main] w.s.c.ServletWebServerApplicationContext : Root WebApplicationContext: initialization completed in 807 ms
2024-03-17T10:51:32.815+03:30  INFO 13060 --- [anformatic] [main] com.zaxxer.hikari.HikariDataSource       : HikariPool-1 - Starting...
2024-03-17T10:51:32.900+03:30  INFO 13060 --- [anformatic] [main] com.zaxxer.hikari.pool.HikariPool        : HikariPool-1 - Added connection conn0: url=jdbc:h2:mem:university user=SA
2024-03-17T10:51:32.902+03:30  INFO 13060 --- [anformatic] [main] com.zaxxer.hikari.HikariDataSource       : HikariPool-1 - Start completed.
2024-03-17T10:51:32.908+03:30  INFO 13060 --- [anformatic] [main] o.s.b.a.h2.H2ConsoleAutoConfiguration    : H2 console available at '/h2-console'. Database available at 'jdbc:h2:mem:university'
2024-03-17T10:51:33.154+03:30  INFO 13060 --- [anformatic] [main] o.s.o.j.p.SpringPersistenceUnitInfo      : No LoadTimeWeaver setup: ignoring JPA class transformer
2024-03-17T10:51:33.757+03:30  INFO 13060 --- [anformatic] [main] j.LocalContainerEntityManagerFactoryBean : Initialized JPA EntityManagerFactory for persistence unit 'default'
2024-03-17T10:51:33.949+03:30  WARN 13060 --- [anformatic] [main] JpaBaseConfiguration$JpaWebConfiguration : spring.jpa.open-in-view is enabled by default. Therefore, database queries may be performed during view rendering. Explicitly configure spring.jpa.open-in-view to disable this warning
2024-03-17T10:51:34.047+03:30 DEBUG 13060 --- [anformatic] [main] s.w.s.m.m.a.RequestMappingHandlerMapping : 11 mappings in 'requestMappingHandlerMapping'
2024-03-17T10:51:34.108+03:30 DEBUG 13060 --- [anformatic] [main] o.s.w.s.handler.SimpleUrlHandlerMapping  : Patterns [/webjars/**, /**] in 'resourceHandlerMapping'
2024-03-17T10:51:34.138+03:30  INFO 13060 --- [anformatic] [main] o.s.s.web.DefaultSecurityFilterChain     : Will secure any request with [org.springframework.security.web.session.DisableEncodeUrlFilter@431f8830, org.springframework.security.web.context.request.async.WebAsyncManagerIntegrationFilter@75bbe39d, org.springframework.security.web.context.SecurityContextHolderFilter@5b312863, org.springframework.security.web.header.HeaderWriterFilter@4010f232, org.springframework.web.filter.CorsFilter@6805415d, org.springframework.security.web.authentication.logout.LogoutFilter@280f061e, org.springframework.security.web.authentication.UsernamePasswordAuthenticationFilter@5cbaafbd, org.springframework.security.web.authentication.ui.DefaultLoginPageGeneratingFilter@7e4bbda4, org.springframework.security.web.authentication.ui.DefaultLogoutPageGeneratingFilter@870413c, org.springframework.security.web.savedrequest.RequestCacheAwareFilter@4b6fc231, org.springframework.security.web.servletapi.SecurityContextHolderAwareRequestFilter@6b7ebac1, org.springframework.security.web.authentication.AnonymousAuthenticationFilter@3791160a, org.springframework.security.web.access.ExceptionTranslationFilter@6c3627c, org.springframework.security.web.access.intercept.AuthorizationFilter@773cc551]
2024-03-17T10:51:34.189+03:30 DEBUG 13060 --- [anformatic] [main] s.w.s.m.m.a.RequestMappingHandlerAdapter : ControllerAdvice beans: 0 @ModelAttribute, 0 @InitBinder, 1 RequestBodyAdvice, 1 ResponseBodyAdvice
2024-03-17T10:51:34.211+03:30 DEBUG 13060 --- [anformatic] [main] .m.m.a.ExceptionHandlerExceptionResolver : ControllerAdvice beans: 0 @ExceptionHandler, 1 ResponseBodyAdvice
2024-03-17T10:51:34.340+03:30  INFO 13060 --- [anformatic] [main] o.s.b.w.embedded.tomcat.TomcatWebServer  : Tomcat started on port 8080 (http) with context path ''
2024-03-17T10:51:34.347+03:30  INFO 13060 --- [anformatic] [main] a.anformatic.AnformaticApplication       : Started AnformaticApplication in 2.662 seconds (process running for 2.988)
2024-03-17T10:51:34.349+03:30  INFO 13060 --- [anformatic] [main] a.anformatic.AnformaticApplication       : AnformaticApplication is successfully Run.
2024-03-17T10:51:42.117+03:30  INFO 13060 --- [anformatic] [http-nio-8080-exec-1] o.a.c.c.C.[Tomcat].[localhost].[/]       : Initializing Spring DispatcherServlet 'dispatcherServlet'
2024-03-17T10:51:42.117+03:30  INFO 13060 --- [anformatic] [http-nio-8080-exec-1] o.s.web.servlet.DispatcherServlet        : Initializing Servlet 'dispatcherServlet'
2024-03-17T10:51:42.118+03:30 DEBUG 13060 --- [anformatic] [http-nio-8080-exec-1] o.s.web.servlet.DispatcherServlet        : Detected StandardServletMultipartResolver
2024-03-17T10:51:42.118+03:30 DEBUG 13060 --- [anformatic] [http-nio-8080-exec-1] o.s.web.servlet.DispatcherServlet        : Detected AcceptHeaderLocaleResolver
2024-03-17T10:51:42.118+03:30 DEBUG 13060 --- [anformatic] [http-nio-8080-exec-1] o.s.web.servlet.DispatcherServlet        : Detected FixedThemeResolver
2024-03-17T10:51:42.119+03:30 DEBUG 13060 --- [anformatic] [http-nio-8080-exec-1] o.s.web.servlet.DispatcherServlet        : Detected org.springframework.web.servlet.view.DefaultRequestToViewNameTranslator@1b949de4
2024-03-17T10:51:42.119+03:30 DEBUG 13060 --- [anformatic] [http-nio-8080-exec-1] o.s.web.servlet.DispatcherServlet        : Detected org.springframework.web.servlet.support.SessionFlashMapManager@427128a6
2024-03-17T10:51:42.119+03:30 DEBUG 13060 --- [anformatic] [http-nio-8080-exec-1] o.s.web.servlet.DispatcherServlet        : enableLoggingRequestDetails='false': request parameters and headers will be masked to prevent unsafe logging of potentially sensitive data
2024-03-17T10:51:42.119+03:30  INFO 13060 --- [anformatic] [http-nio-8080-exec-1] o.s.web.servlet.DispatcherServlet        : Completed initialization in 1 ms
2024-03-17T10:51:43.282+03:30 DEBUG 13060 --- [anformatic] [http-nio-8080-exec-6] o.s.web.servlet.DispatcherServlet        : GET "/student/welcome", parameters={}
2024-03-17T10:51:43.282+03:30 DEBUG 13060 --- [anformatic] [http-nio-8080-exec-6] s.w.s.m.m.a.RequestMappingHandlerMapping : Mapped to aSpringBootProject.anformatic.controller.StudentController#index()
2024-03-17T10:51:43.295+03:30 DEBUG 13060 --- [anformatic] [http-nio-8080-exec-6] m.m.a.RequestResponseBodyMethodProcessor : Using 'text/html', given [text/html, application/xhtml+xml, image/avif, image/webp, application/xml;q=0.9, */*;q=0.8] and supported [text/plain, */*, application/json, application/*+json]
2024-03-17T10:51:43.295+03:30 DEBUG 13060 --- [anformatic] [http-nio-8080-exec-6] m.m.a.RequestResponseBodyMethodProcessor : Writing ["/pages/welcome"]
2024-03-17T10:51:43.297+03:30 DEBUG 13060 --- [anformatic] [http-nio-8080-exec-6] o.s.web.servlet.DispatcherServlet        : Completed 200 OK
2024-03-17T11:37:56.721+03:30  WARN 13060 --- [anformatic] [HikariPool-1 housekeeper] com.zaxxer.hikari.pool.HikariPool        : HikariPool-1 - Thread starvation or clock leap detected (housekeeper delta=6m24s958ms296s100ns).
2024-03-17T12:44:03.178+03:30  INFO 13060 --- [anformatic] [SpringApplicationShutdownHook] j.LocalContainerEntityManagerFactoryBean : Closing JPA EntityManagerFactory for persistence unit 'default'
2024-03-17T12:44:03.182+03:30 ERROR 13060 --- [anformatic] [SpringApplicationShutdownHook] .SchemaDropperImpl$DelayedDropActionImpl : HHH000478: Unsuccessful: drop table if exists user cascade 
2024-03-17T12:44:03.183+03:30  INFO 13060 --- [anformatic] [SpringApplicationShutdownHook] com.zaxxer.hikari.HikariDataSource       : HikariPool-1 - Shutdown initiated...
2024-03-17T12:44:03.184+03:30  INFO 13060 --- [anformatic] [SpringApplicationShutdownHook] com.zaxxer.hikari.HikariDataSource       : HikariPool-1 - Shutdown completed.
